<?xml version="1.0" encoding="UTF-8"?>
<testng-results skipped="0" failed="0" total="1" passed="1">
  <reporter-output>
  </reporter-output>
  <suite name="Default suite" duration-ms="28153" started-at="2020-05-27T10:22:55Z" finished-at="2020-05-27T10:23:23Z">
    <groups>
    </groups>
    <test name="Default test" duration-ms="28153" started-at="2020-05-27T10:22:55Z" finished-at="2020-05-27T10:23:23Z">
      <class name="com.test.tc_01">
        <test-method status="PASS" signature="setup()[pri:0, instance:com.test.tc_01@c7db802a]" name="setup" is-config="true" duration-ms="5803" started-at="2020-05-27T15:52:55Z" finished-at="2020-05-27T15:53:01Z">
          <reporter-output>
          </reporter-output>
        </test-method> <!-- setup -->
        <test-method status="PASS" signature="comparePrice()[pri:0, instance:com.test.tc_01@c7db802a]" name="comparePrice" duration-ms="19270" started-at="2020-05-27T15:53:01Z" finished-at="2020-05-27T15:53:20Z">
          <reporter-output>
          </reporter-output>
        </test-method> <!-- comparePrice -->
        <test-method status="PASS" signature="tearDown()[pri:0, instance:com.test.tc_01@c7db802a]" name="tearDown" is-config="true" duration-ms="3051" started-at="2020-05-27T15:53:20Z" finished-at="2020-05-27T15:53:23Z">
          <reporter-output>
          </reporter-output>
        </test-method> <!-- tearDown -->
      </class> <!-- com.test.tc_01 -->
    </test> <!-- Default test -->
  </suite> <!-- Default suite -->
</testng-results>
